23:28:45.279 [main] INFO  d.s.c.ls.C4LanguageServerLauncher - Starting ProcessIO Connection
23:28:45.281 [main] INFO  d.s.c.ls.C4LanguageServerLauncher - Launching C4LanguageServer started
23:28:45.491 [main] INFO  d.s.c.ls.service.C4LanguageServer - getTextDocumentService
23:28:45.561 [main] INFO  d.s.c.ls.service.C4LanguageServer - getTextDocumentService
23:28:45.563 [main] INFO  d.s.c.ls.service.C4LanguageServer - getWorkspaceService
23:28:45.572 [main] INFO  d.s.c.ls.service.C4LanguageServer - connect
23:28:45.614 [pool-1-thread-1] INFO  d.s.c.ls.service.C4LanguageServer - initialize
23:28:45.657 [pool-1-thread-1] INFO  d.s.c.l.s.C4TextDocumentService - didOpen file:///c%3A/SoftwareEngineering/HomeWork3/Structurizer/workspace.dsl
23:28:45.663 [pool-1-thread-1] INFO  d.s.c.l.s.C4TextDocumentService - documentColor
23:28:45.664 [ForkJoinPool.commonPool-worker-1] INFO  d.s.c.l.s.C4TextDocumentService - --> getDiagnostics 0
23:28:45.667 [ForkJoinPool.commonPool-worker-2] INFO  d.s.c.l.s.C4TextDocumentService - --> getDocument
23:28:45.743 [ForkJoinPool.commonPool-worker-1] DEBUG d.s.c.ls.model.C4DocumentManager - createModel c:\SoftwareEngineering\HomeWork3\Structurizer\workspace.dsl
23:28:45.746 [ForkJoinPool.commonPool-worker-1] DEBUG d.s.c.ls.model.C4DocumentManager - Parsing...
23:28:45.765 [ForkJoinPool.commonPool-worker-1] DEBUG d.s.c.ls.model.C4DocumentManager - onStartContext: workspace.dsl at linenumber 1, contextId: 159411945, contextName WorkspaceDslContext
23:28:45.765 [ForkJoinPool.commonPool-worker-1] DEBUG d.s.c.ls.model.C4DocumentManager - getModel file: c:\SoftwareEngineering\HomeWork3\Structurizer\workspace.dsl
23:28:45.766 [ForkJoinPool.commonPool-worker-1] DEBUG d.s.c.ls.model.C4DocumentManager - onStartContext: workspace.dsl at linenumber 5, contextId: 2008921343, contextName ModelDslContext
23:28:45.766 [ForkJoinPool.commonPool-worker-1] DEBUG d.s.c.ls.model.C4DocumentManager - getModel file: c:\SoftwareEngineering\HomeWork3\Structurizer\workspace.dsl
23:28:45.768 [ForkJoinPool.commonPool-worker-1] DEBUG d.s.c.ls.model.C4DocumentManager - onParsedModelElement identifier: user, modelId: 1 at linenumber: workspace.dsl, 6
23:28:45.768 [ForkJoinPool.commonPool-worker-1] DEBUG d.s.c.ls.model.C4DocumentManager - getModel file: c:\SoftwareEngineering\HomeWork3\Structurizer\workspace.dsl
23:28:45.769 [ForkJoinPool.commonPool-worker-1] DEBUG d.s.c.ls.model.C4DocumentManager - onParsedModelElement identifier: companion_search, modelId: 2 at linenumber: workspace.dsl, 8
23:28:45.769 [ForkJoinPool.commonPool-worker-1] DEBUG d.s.c.ls.model.C4DocumentManager - getModel file: c:\SoftwareEngineering\HomeWork3\Structurizer\workspace.dsl
23:28:45.770 [ForkJoinPool.commonPool-worker-1] DEBUG d.s.c.ls.model.C4DocumentManager - onStartContext: workspace.dsl at linenumber 8, contextId: 597715738, contextName SoftwareSystemDslContext
23:28:45.770 [ForkJoinPool.commonPool-worker-1] DEBUG d.s.c.ls.model.C4DocumentManager - getModel file: c:\SoftwareEngineering\HomeWork3\Structurizer\workspace.dsl
23:28:45.771 [ForkJoinPool.commonPool-worker-1] DEBUG d.s.c.ls.model.C4DocumentManager - onParsedModelElement identifier: Trip_API_db, modelId: 3 at linenumber: workspace.dsl, 10
23:28:45.771 [ForkJoinPool.commonPool-worker-1] DEBUG d.s.c.ls.model.C4DocumentManager - getModel file: c:\SoftwareEngineering\HomeWork3\Structurizer\workspace.dsl
23:28:45.771 [ForkJoinPool.commonPool-worker-1] DEBUG d.s.c.ls.model.C4DocumentManager - onStartContext: workspace.dsl at linenumber 10, contextId: 1865223953, contextName ContainerDslContext
23:28:45.771 [ForkJoinPool.commonPool-worker-1] DEBUG d.s.c.ls.model.C4DocumentManager - getModel file: c:\SoftwareEngineering\HomeWork3\Structurizer\workspace.dsl
23:28:45.776 [ForkJoinPool.commonPool-worker-1] DEBUG d.s.c.ls.model.C4DocumentManager - onEndContext: workspace.dsl at linenumber 13, contextId: 1865223953, contextName ContainerDslContext
23:28:45.776 [ForkJoinPool.commonPool-worker-1] DEBUG d.s.c.ls.model.C4DocumentManager - getModel file: c:\SoftwareEngineering\HomeWork3\Structurizer\workspace.dsl
23:28:45.780 [ForkJoinPool.commonPool-worker-1] DEBUG d.s.c.ls.model.C4DocumentManager - onParsedModelElement identifier: auth_API_db, modelId: 4 at linenumber: workspace.dsl, 16
23:28:45.780 [ForkJoinPool.commonPool-worker-1] DEBUG d.s.c.ls.model.C4DocumentManager - getModel file: c:\SoftwareEngineering\HomeWork3\Structurizer\workspace.dsl
23:28:45.780 [ForkJoinPool.commonPool-worker-1] DEBUG d.s.c.ls.model.C4DocumentManager - onStartContext: workspace.dsl at linenumber 16, contextId: 1644678342, contextName ContainerDslContext
23:28:45.780 [ForkJoinPool.commonPool-worker-1] DEBUG d.s.c.ls.model.C4DocumentManager - getModel file: c:\SoftwareEngineering\HomeWork3\Structurizer\workspace.dsl
23:28:45.781 [ForkJoinPool.commonPool-worker-1] DEBUG d.s.c.ls.model.C4DocumentManager - onEndContext: workspace.dsl at linenumber 21, contextId: 1644678342, contextName ContainerDslContext
23:28:45.781 [ForkJoinPool.commonPool-worker-1] DEBUG d.s.c.ls.model.C4DocumentManager - getModel file: c:\SoftwareEngineering\HomeWork3\Structurizer\workspace.dsl
23:28:45.781 [ForkJoinPool.commonPool-worker-1] DEBUG d.s.c.ls.model.C4DocumentManager - onParsedModelElement identifier: auth_API, modelId: 5 at linenumber: workspace.dsl, 24
23:28:45.781 [ForkJoinPool.commonPool-worker-1] DEBUG d.s.c.ls.model.C4DocumentManager - getModel file: c:\SoftwareEngineering\HomeWork3\Structurizer\workspace.dsl
23:28:45.781 [ForkJoinPool.commonPool-worker-1] DEBUG d.s.c.ls.model.C4DocumentManager - onStartContext: workspace.dsl at linenumber 24, contextId: 1785239859, contextName ContainerDslContext
23:28:45.781 [ForkJoinPool.commonPool-worker-1] DEBUG d.s.c.ls.model.C4DocumentManager - getModel file: c:\SoftwareEngineering\HomeWork3\Structurizer\workspace.dsl
23:28:45.786 [ForkJoinPool.commonPool-worker-1] DEBUG d.s.c.ls.model.C4DocumentManager - onParsedRelationShip 5->4, identifier: null, at linenumber: workspace.dsl, 30
23:28:45.787 [ForkJoinPool.commonPool-worker-1] DEBUG d.s.c.ls.model.C4DocumentManager - getModel file: c:\SoftwareEngineering\HomeWork3\Structurizer\workspace.dsl
23:28:45.902 [pool-1-thread-1] INFO  d.s.c.l.s.C4TextDocumentService - codeLens
23:28:45.904 [ForkJoinPool.commonPool-worker-3] INFO  d.s.c.l.s.C4TextDocumentService - --> getDocument
23:28:45.978 [ForkJoinPool.commonPool-worker-1] DEBUG d.s.c.ls.model.C4DocumentManager - onParsedModelElement identifier: database_controller, modelId: 7 at linenumber: workspace.dsl, 32
23:28:45.978 [ForkJoinPool.commonPool-worker-1] DEBUG d.s.c.ls.model.C4DocumentManager - getModel file: c:\SoftwareEngineering\HomeWork3\Structurizer\workspace.dsl
23:28:45.978 [ForkJoinPool.commonPool-worker-1] DEBUG d.s.c.ls.model.C4DocumentManager - onStartContext: workspace.dsl at linenumber 32, contextId: 38355562, contextName ComponentDslContext
23:28:45.978 [ForkJoinPool.commonPool-worker-1] DEBUG d.s.c.ls.model.C4DocumentManager - getModel file: c:\SoftwareEngineering\HomeWork3\Structurizer\workspace.dsl
23:28:45.979 [ForkJoinPool.commonPool-worker-1] DEBUG d.s.c.ls.model.C4DocumentManager - onParsedRelationShip 7->4, identifier: null, at linenumber: workspace.dsl, 37
23:28:45.979 [ForkJoinPool.commonPool-worker-1] DEBUG d.s.c.ls.model.C4DocumentManager - getModel file: c:\SoftwareEngineering\HomeWork3\Structurizer\workspace.dsl
23:28:45.979 [ForkJoinPool.commonPool-worker-1] DEBUG d.s.c.ls.model.C4DocumentManager - onEndContext: workspace.dsl at linenumber 38, contextId: 38355562, contextName ComponentDslContext
23:28:45.979 [ForkJoinPool.commonPool-worker-1] DEBUG d.s.c.ls.model.C4DocumentManager - getModel file: c:\SoftwareEngineering\HomeWork3\Structurizer\workspace.dsl
23:28:45.979 [ForkJoinPool.commonPool-worker-1] DEBUG d.s.c.ls.model.C4DocumentManager - onParsedModelElement identifier: auth_controller, modelId: 9 at linenumber: workspace.dsl, 40
23:28:45.984 [ForkJoinPool.commonPool-worker-1] DEBUG d.s.c.ls.model.C4DocumentManager - getModel file: c:\SoftwareEngineering\HomeWork3\Structurizer\workspace.dsl
23:28:45.985 [ForkJoinPool.commonPool-worker-1] DEBUG d.s.c.ls.model.C4DocumentManager - onStartContext: workspace.dsl at linenumber 40, contextId: 1450264437, contextName ComponentDslContext
23:28:45.985 [ForkJoinPool.commonPool-worker-1] DEBUG d.s.c.ls.model.C4DocumentManager - getModel file: c:\SoftwareEngineering\HomeWork3\Structurizer\workspace.dsl
23:28:45.985 [ForkJoinPool.commonPool-worker-1] DEBUG d.s.c.ls.model.C4DocumentManager - onParsedRelationShip 9->7, identifier: null, at linenumber: workspace.dsl, 46
23:28:45.985 [ForkJoinPool.commonPool-worker-1] DEBUG d.s.c.ls.model.C4DocumentManager - getModel file: c:\SoftwareEngineering\HomeWork3\Structurizer\workspace.dsl
23:28:45.985 [ForkJoinPool.commonPool-worker-1] DEBUG d.s.c.ls.model.C4DocumentManager - onEndContext: workspace.dsl at linenumber 47, contextId: 1450264437, contextName ComponentDslContext
23:28:45.985 [ForkJoinPool.commonPool-worker-1] DEBUG d.s.c.ls.model.C4DocumentManager - getModel file: c:\SoftwareEngineering\HomeWork3\Structurizer\workspace.dsl
23:28:45.986 [ForkJoinPool.commonPool-worker-1] DEBUG d.s.c.ls.model.C4DocumentManager - onEndContext: workspace.dsl at linenumber 49, contextId: 1785239859, contextName ContainerDslContext
23:28:45.986 [ForkJoinPool.commonPool-worker-1] DEBUG d.s.c.ls.model.C4DocumentManager - getModel file: c:\SoftwareEngineering\HomeWork3\Structurizer\workspace.dsl
23:28:45.986 [ForkJoinPool.commonPool-worker-1] DEBUG d.s.c.ls.model.C4DocumentManager - onParsedModelElement identifier: users_API, modelId: 11 at linenumber: workspace.dsl, 51
23:28:45.986 [ForkJoinPool.commonPool-worker-1] DEBUG d.s.c.ls.model.C4DocumentManager - getModel file: c:\SoftwareEngineering\HomeWork3\Structurizer\workspace.dsl
23:28:45.986 [ForkJoinPool.commonPool-worker-1] DEBUG d.s.c.ls.model.C4DocumentManager - onStartContext: workspace.dsl at linenumber 51, contextId: 914921352, contextName ContainerDslContext
23:28:45.986 [ForkJoinPool.commonPool-worker-1] DEBUG d.s.c.ls.model.C4DocumentManager - getModel file: c:\SoftwareEngineering\HomeWork3\Structurizer\workspace.dsl
23:28:45.986 [ForkJoinPool.commonPool-worker-1] DEBUG d.s.c.ls.model.C4DocumentManager - onParsedRelationShip 11->4, identifier: null, at linenumber: workspace.dsl, 55
23:28:45.986 [ForkJoinPool.commonPool-worker-1] DEBUG d.s.c.ls.model.C4DocumentManager - getModel file: c:\SoftwareEngineering\HomeWork3\Structurizer\workspace.dsl
23:28:45.987 [ForkJoinPool.commonPool-worker-1] DEBUG d.s.c.ls.model.C4DocumentManager - onParsedRelationShip 11->5, identifier: null, at linenumber: workspace.dsl, 56
23:28:45.987 [ForkJoinPool.commonPool-worker-1] DEBUG d.s.c.ls.model.C4DocumentManager - getModel file: c:\SoftwareEngineering\HomeWork3\Structurizer\workspace.dsl
23:28:45.987 [ForkJoinPool.commonPool-worker-1] DEBUG d.s.c.ls.model.C4DocumentManager - onParsedModelElement identifier: database_controller, modelId: 14 at linenumber: workspace.dsl, 58
23:28:45.987 [ForkJoinPool.commonPool-worker-1] DEBUG d.s.c.ls.model.C4DocumentManager - getModel file: c:\SoftwareEngineering\HomeWork3\Structurizer\workspace.dsl
23:28:45.987 [ForkJoinPool.commonPool-worker-1] DEBUG d.s.c.ls.model.C4DocumentManager - onStartContext: workspace.dsl at linenumber 58, contextId: 120236675, contextName ComponentDslContext
23:28:45.987 [ForkJoinPool.commonPool-worker-1] DEBUG d.s.c.ls.model.C4DocumentManager - getModel file: c:\SoftwareEngineering\HomeWork3\Structurizer\workspace.dsl
23:28:45.988 [ForkJoinPool.commonPool-worker-1] DEBUG d.s.c.ls.model.C4DocumentManager - onParsedRelationShip 14->4, identifier: null, at linenumber: workspace.dsl, 63
23:28:45.988 [ForkJoinPool.commonPool-worker-1] DEBUG d.s.c.ls.model.C4DocumentManager - getModel file: c:\SoftwareEngineering\HomeWork3\Structurizer\workspace.dsl
23:28:45.988 [ForkJoinPool.commonPool-worker-1] DEBUG d.s.c.ls.model.C4DocumentManager - onEndContext: workspace.dsl at linenumber 64, contextId: 120236675, contextName ComponentDslContext
23:28:45.988 [ForkJoinPool.commonPool-worker-1] DEBUG d.s.c.ls.model.C4DocumentManager - getModel file: c:\SoftwareEngineering\HomeWork3\Structurizer\workspace.dsl
23:28:45.988 [ForkJoinPool.commonPool-worker-1] DEBUG d.s.c.ls.model.C4DocumentManager - onParsedModelElement identifier: auth_controller, modelId: 16 at linenumber: workspace.dsl, 66
23:28:45.988 [ForkJoinPool.commonPool-worker-1] DEBUG d.s.c.ls.model.C4DocumentManager - getModel file: c:\SoftwareEngineering\HomeWork3\Structurizer\workspace.dsl
23:28:45.988 [ForkJoinPool.commonPool-worker-1] DEBUG d.s.c.ls.model.C4DocumentManager - onStartContext: workspace.dsl at linenumber 66, contextId: 1337520670, contextName ComponentDslContext
23:28:45.988 [ForkJoinPool.commonPool-worker-1] DEBUG d.s.c.ls.model.C4DocumentManager - getModel file: c:\SoftwareEngineering\HomeWork3\Structurizer\workspace.dsl
23:28:45.989 [ForkJoinPool.commonPool-worker-1] DEBUG d.s.c.ls.model.C4DocumentManager - onParsedRelationShip 16->5, identifier: null, at linenumber: workspace.dsl, 71
23:28:45.989 [ForkJoinPool.commonPool-worker-1] DEBUG d.s.c.ls.model.C4DocumentManager - getModel file: c:\SoftwareEngineering\HomeWork3\Structurizer\workspace.dsl
23:28:45.989 [ForkJoinPool.commonPool-worker-1] DEBUG d.s.c.ls.model.C4DocumentManager - onEndContext: workspace.dsl at linenumber 72, contextId: 1337520670, contextName ComponentDslContext
23:28:45.989 [ForkJoinPool.commonPool-worker-1] DEBUG d.s.c.ls.model.C4DocumentManager - getModel file: c:\SoftwareEngineering\HomeWork3\Structurizer\workspace.dsl
23:28:45.989 [ForkJoinPool.commonPool-worker-1] DEBUG d.s.c.ls.model.C4DocumentManager - onParsedModelElement identifier: users_controller, modelId: 18 at linenumber: workspace.dsl, 74
23:28:45.989 [ForkJoinPool.commonPool-worker-1] DEBUG d.s.c.ls.model.C4DocumentManager - getModel file: c:\SoftwareEngineering\HomeWork3\Structurizer\workspace.dsl
23:28:45.989 [ForkJoinPool.commonPool-worker-1] DEBUG d.s.c.ls.model.C4DocumentManager - onStartContext: workspace.dsl at linenumber 74, contextId: 330194547, contextName ComponentDslContext
23:28:45.989 [ForkJoinPool.commonPool-worker-1] DEBUG d.s.c.ls.model.C4DocumentManager - getModel file: c:\SoftwareEngineering\HomeWork3\Structurizer\workspace.dsl
23:28:45.989 [ForkJoinPool.commonPool-worker-1] DEBUG d.s.c.ls.model.C4DocumentManager - onParsedRelationShip 18->14, identifier: null, at linenumber: workspace.dsl, 80
23:28:45.989 [ForkJoinPool.commonPool-worker-1] DEBUG d.s.c.ls.model.C4DocumentManager - getModel file: c:\SoftwareEngineering\HomeWork3\Structurizer\workspace.dsl
23:28:45.990 [ForkJoinPool.commonPool-worker-1] DEBUG d.s.c.ls.model.C4DocumentManager - onParsedRelationShip 18->5, identifier: null, at linenumber: workspace.dsl, 81
23:28:45.990 [ForkJoinPool.commonPool-worker-1] DEBUG d.s.c.ls.model.C4DocumentManager - getModel file: c:\SoftwareEngineering\HomeWork3\Structurizer\workspace.dsl
23:28:45.990 [ForkJoinPool.commonPool-worker-1] DEBUG d.s.c.ls.model.C4DocumentManager - onParsedRelationShip 18->16, identifier: null, at linenumber: workspace.dsl, 82
23:28:45.990 [ForkJoinPool.commonPool-worker-1] DEBUG d.s.c.ls.model.C4DocumentManager - getModel file: c:\SoftwareEngineering\HomeWork3\Structurizer\workspace.dsl
23:28:45.990 [ForkJoinPool.commonPool-worker-1] DEBUG d.s.c.ls.model.C4DocumentManager - onEndContext: workspace.dsl at linenumber 83, contextId: 330194547, contextName ComponentDslContext
23:28:45.990 [ForkJoinPool.commonPool-worker-1] DEBUG d.s.c.ls.model.C4DocumentManager - getModel file: c:\SoftwareEngineering\HomeWork3\Structurizer\workspace.dsl
23:28:45.990 [ForkJoinPool.commonPool-worker-1] DEBUG d.s.c.ls.model.C4DocumentManager - onEndContext: workspace.dsl at linenumber 84, contextId: 914921352, contextName ContainerDslContext
23:28:45.990 [ForkJoinPool.commonPool-worker-1] DEBUG d.s.c.ls.model.C4DocumentManager - getModel file: c:\SoftwareEngineering\HomeWork3\Structurizer\workspace.dsl
23:28:45.990 [ForkJoinPool.commonPool-worker-1] DEBUG d.s.c.ls.model.C4DocumentManager - onParsedModelElement identifier: Trip_API, modelId: 22 at linenumber: workspace.dsl, 88
23:28:45.990 [ForkJoinPool.commonPool-worker-1] DEBUG d.s.c.ls.model.C4DocumentManager - getModel file: c:\SoftwareEngineering\HomeWork3\Structurizer\workspace.dsl
23:28:45.990 [ForkJoinPool.commonPool-worker-1] DEBUG d.s.c.ls.model.C4DocumentManager - onStartContext: workspace.dsl at linenumber 88, contextId: 1634254681, contextName ContainerDslContext
23:28:45.991 [ForkJoinPool.commonPool-worker-1] DEBUG d.s.c.ls.model.C4DocumentManager - getModel file: c:\SoftwareEngineering\HomeWork3\Structurizer\workspace.dsl
23:28:45.991 [ForkJoinPool.commonPool-worker-1] DEBUG d.s.c.ls.model.C4DocumentManager - onParsedRelationShip 22->3, identifier: null, at linenumber: workspace.dsl, 93
23:28:45.991 [ForkJoinPool.commonPool-worker-1] DEBUG d.s.c.ls.model.C4DocumentManager - getModel file: c:\SoftwareEngineering\HomeWork3\Structurizer\workspace.dsl
23:28:45.991 [ForkJoinPool.commonPool-worker-1] DEBUG d.s.c.ls.model.C4DocumentManager - onParsedRelationShip 22->11, identifier: null, at linenumber: workspace.dsl, 94
23:28:45.991 [ForkJoinPool.commonPool-worker-1] DEBUG d.s.c.ls.model.C4DocumentManager - getModel file: c:\SoftwareEngineering\HomeWork3\Structurizer\workspace.dsl
23:28:45.991 [ForkJoinPool.commonPool-worker-1] DEBUG d.s.c.ls.model.C4DocumentManager - onParsedModelElement identifier: database_controller, modelId: 25 at linenumber: workspace.dsl, 96
23:28:45.991 [ForkJoinPool.commonPool-worker-1] DEBUG d.s.c.ls.model.C4DocumentManager - getModel file: c:\SoftwareEngineering\HomeWork3\Structurizer\workspace.dsl
23:28:45.991 [ForkJoinPool.commonPool-worker-1] DEBUG d.s.c.ls.model.C4DocumentManager - onStartContext: workspace.dsl at linenumber 96, contextId: 868511557, contextName ComponentDslContext
23:28:45.991 [ForkJoinPool.commonPool-worker-1] DEBUG d.s.c.ls.model.C4DocumentManager - getModel file: c:\SoftwareEngineering\HomeWork3\Structurizer\workspace.dsl
23:28:45.992 [ForkJoinPool.commonPool-worker-1] DEBUG d.s.c.ls.model.C4DocumentManager - onParsedRelationShip 25->3, identifier: null, at linenumber: workspace.dsl, 101
23:28:45.992 [ForkJoinPool.commonPool-worker-1] DEBUG d.s.c.ls.model.C4DocumentManager - getModel file: c:\SoftwareEngineering\HomeWork3\Structurizer\workspace.dsl
23:28:45.992 [ForkJoinPool.commonPool-worker-1] DEBUG d.s.c.ls.model.C4DocumentManager - onEndContext: workspace.dsl at linenumber 102, contextId: 868511557, contextName ComponentDslContext
23:28:45.992 [ForkJoinPool.commonPool-worker-1] DEBUG d.s.c.ls.model.C4DocumentManager - getModel file: c:\SoftwareEngineering\HomeWork3\Structurizer\workspace.dsl
23:28:45.992 [ForkJoinPool.commonPool-worker-1] DEBUG d.s.c.ls.model.C4DocumentManager - onParsedModelElement identifier: auth_controller, modelId: 27 at linenumber: workspace.dsl, 105
23:28:45.992 [ForkJoinPool.commonPool-worker-1] DEBUG d.s.c.ls.model.C4DocumentManager - getModel file: c:\SoftwareEngineering\HomeWork3\Structurizer\workspace.dsl
23:28:45.992 [ForkJoinPool.commonPool-worker-1] DEBUG d.s.c.ls.model.C4DocumentManager - onStartContext: workspace.dsl at linenumber 105, contextId: 996426529, contextName ComponentDslContext
23:28:45.993 [ForkJoinPool.commonPool-worker-1] DEBUG d.s.c.ls.model.C4DocumentManager - getModel file: c:\SoftwareEngineering\HomeWork3\Structurizer\workspace.dsl
23:28:45.993 [ForkJoinPool.commonPool-worker-1] DEBUG d.s.c.ls.model.C4DocumentManager - onParsedRelationShip 27->5, identifier: null, at linenumber: workspace.dsl, 110
23:28:45.993 [ForkJoinPool.commonPool-worker-1] DEBUG d.s.c.ls.model.C4DocumentManager - getModel file: c:\SoftwareEngineering\HomeWork3\Structurizer\workspace.dsl
23:28:45.994 [ForkJoinPool.commonPool-worker-1] DEBUG d.s.c.ls.model.C4DocumentManager - onEndContext: workspace.dsl at linenumber 111, contextId: 996426529, contextName ComponentDslContext
23:28:45.994 [ForkJoinPool.commonPool-worker-1] DEBUG d.s.c.ls.model.C4DocumentManager - getModel file: c:\SoftwareEngineering\HomeWork3\Structurizer\workspace.dsl
23:28:45.994 [ForkJoinPool.commonPool-worker-1] DEBUG d.s.c.ls.model.C4DocumentManager - onParsedModelElement identifier: routes_controller, modelId: 30 at linenumber: workspace.dsl, 113
23:28:45.994 [ForkJoinPool.commonPool-worker-1] DEBUG d.s.c.ls.model.C4DocumentManager - getModel file: c:\SoftwareEngineering\HomeWork3\Structurizer\workspace.dsl
23:28:45.994 [ForkJoinPool.commonPool-worker-1] DEBUG d.s.c.ls.model.C4DocumentManager - onStartContext: workspace.dsl at linenumber 113, contextId: 1515769848, contextName ComponentDslContext
23:28:45.994 [ForkJoinPool.commonPool-worker-1] DEBUG d.s.c.ls.model.C4DocumentManager - getModel file: c:\SoftwareEngineering\HomeWork3\Structurizer\workspace.dsl
23:28:45.995 [ForkJoinPool.commonPool-worker-1] DEBUG d.s.c.ls.model.C4DocumentManager - onParsedRelationShip 30->25, identifier: null, at linenumber: workspace.dsl, 119
23:28:45.995 [ForkJoinPool.commonPool-worker-1] DEBUG d.s.c.ls.model.C4DocumentManager - getModel file: c:\SoftwareEngineering\HomeWork3\Structurizer\workspace.dsl
23:28:45.995 [ForkJoinPool.commonPool-worker-1] DEBUG d.s.c.ls.model.C4DocumentManager - onParsedRelationShip 30->27, identifier: null, at linenumber: workspace.dsl, 120
23:28:45.995 [ForkJoinPool.commonPool-worker-1] DEBUG d.s.c.ls.model.C4DocumentManager - getModel file: c:\SoftwareEngineering\HomeWork3\Structurizer\workspace.dsl
23:28:45.995 [ForkJoinPool.commonPool-worker-1] DEBUG d.s.c.ls.model.C4DocumentManager - onEndContext: workspace.dsl at linenumber 122, contextId: 1515769848, contextName ComponentDslContext
23:28:45.996 [ForkJoinPool.commonPool-worker-1] DEBUG d.s.c.ls.model.C4DocumentManager - getModel file: c:\SoftwareEngineering\HomeWork3\Structurizer\workspace.dsl
23:28:45.996 [ForkJoinPool.commonPool-worker-1] DEBUG d.s.c.ls.model.C4DocumentManager - onParsedModelElement identifier: trips_controller, modelId: 33 at linenumber: workspace.dsl, 124
23:28:45.996 [ForkJoinPool.commonPool-worker-1] DEBUG d.s.c.ls.model.C4DocumentManager - getModel file: c:\SoftwareEngineering\HomeWork3\Structurizer\workspace.dsl
23:28:45.996 [ForkJoinPool.commonPool-worker-1] DEBUG d.s.c.ls.model.C4DocumentManager - onStartContext: workspace.dsl at linenumber 124, contextId: 2121150877, contextName ComponentDslContext
23:28:45.996 [ForkJoinPool.commonPool-worker-1] DEBUG d.s.c.ls.model.C4DocumentManager - getModel file: c:\SoftwareEngineering\HomeWork3\Structurizer\workspace.dsl
23:28:45.996 [ForkJoinPool.commonPool-worker-1] DEBUG d.s.c.ls.model.C4DocumentManager - onParsedRelationShip 33->25, identifier: null, at linenumber: workspace.dsl, 130
23:28:45.996 [ForkJoinPool.commonPool-worker-1] DEBUG d.s.c.ls.model.C4DocumentManager - getModel file: c:\SoftwareEngineering\HomeWork3\Structurizer\workspace.dsl
23:28:45.996 [ForkJoinPool.commonPool-worker-1] DEBUG d.s.c.ls.model.C4DocumentManager - onParsedRelationShip 33->27, identifier: null, at linenumber: workspace.dsl, 131
23:28:45.996 [ForkJoinPool.commonPool-worker-1] DEBUG d.s.c.ls.model.C4DocumentManager - getModel file: c:\SoftwareEngineering\HomeWork3\Structurizer\workspace.dsl
23:28:45.997 [ForkJoinPool.commonPool-worker-1] DEBUG d.s.c.ls.model.C4DocumentManager - onParsedRelationShip 33->11, identifier: null, at linenumber: workspace.dsl, 132
23:28:45.997 [ForkJoinPool.commonPool-worker-1] DEBUG d.s.c.ls.model.C4DocumentManager - getModel file: c:\SoftwareEngineering\HomeWork3\Structurizer\workspace.dsl
23:28:45.997 [ForkJoinPool.commonPool-worker-1] DEBUG d.s.c.ls.model.C4DocumentManager - onEndContext: workspace.dsl at linenumber 133, contextId: 2121150877, contextName ComponentDslContext
23:28:45.997 [ForkJoinPool.commonPool-worker-1] DEBUG d.s.c.ls.model.C4DocumentManager - getModel file: c:\SoftwareEngineering\HomeWork3\Structurizer\workspace.dsl
23:28:45.997 [ForkJoinPool.commonPool-worker-1] DEBUG d.s.c.ls.model.C4DocumentManager - onEndContext: workspace.dsl at linenumber 134, contextId: 1634254681, contextName ContainerDslContext
23:28:45.997 [ForkJoinPool.commonPool-worker-1] DEBUG d.s.c.ls.model.C4DocumentManager - getModel file: c:\SoftwareEngineering\HomeWork3\Structurizer\workspace.dsl
23:28:45.997 [ForkJoinPool.commonPool-worker-1] DEBUG d.s.c.ls.model.C4DocumentManager - onEndContext: workspace.dsl at linenumber 137, contextId: 597715738, contextName SoftwareSystemDslContext
23:28:45.997 [ForkJoinPool.commonPool-worker-1] DEBUG d.s.c.ls.model.C4DocumentManager - getModel file: c:\SoftwareEngineering\HomeWork3\Structurizer\workspace.dsl
23:28:45.998 [ForkJoinPool.commonPool-worker-1] DEBUG d.s.c.ls.model.C4DocumentManager - onStartContext: workspace.dsl at linenumber 139, contextId: 207641935, contextName DeploymentEnvironmentDslContext
23:28:45.998 [ForkJoinPool.commonPool-worker-1] DEBUG d.s.c.ls.model.C4DocumentManager - getModel file: c:\SoftwareEngineering\HomeWork3\Structurizer\workspace.dsl
23:28:45.999 [ForkJoinPool.commonPool-worker-1] DEBUG d.s.c.ls.model.C4DocumentManager - onParsedModelElement identifier: null, modelId: 37 at linenumber: workspace.dsl, 140
23:28:45.999 [ForkJoinPool.commonPool-worker-1] DEBUG d.s.c.ls.model.C4DocumentManager - getModel file: c:\SoftwareEngineering\HomeWork3\Structurizer\workspace.dsl
23:28:45.999 [ForkJoinPool.commonPool-worker-1] DEBUG d.s.c.ls.model.C4DocumentManager - onStartContext: workspace.dsl at linenumber 140, contextId: 1644873018, contextName DeploymentNodeDslContext
23:28:45.999 [ForkJoinPool.commonPool-worker-1] DEBUG d.s.c.ls.model.C4DocumentManager - getModel file: c:\SoftwareEngineering\HomeWork3\Structurizer\workspace.dsl
23:28:46.000 [ForkJoinPool.commonPool-worker-1] DEBUG d.s.c.ls.model.C4DocumentManager - onParsedModelElement identifier: null, modelId: 38 at linenumber: workspace.dsl, 144
23:28:46.000 [ForkJoinPool.commonPool-worker-1] DEBUG d.s.c.ls.model.C4DocumentManager - getModel file: c:\SoftwareEngineering\HomeWork3\Structurizer\workspace.dsl
23:28:46.000 [ForkJoinPool.commonPool-worker-1] DEBUG d.s.c.ls.model.C4DocumentManager - onStartContext: workspace.dsl at linenumber 144, contextId: 720932923, contextName DeploymentNodeDslContext
23:28:46.000 [ForkJoinPool.commonPool-worker-1] DEBUG d.s.c.ls.model.C4DocumentManager - getModel file: c:\SoftwareEngineering\HomeWork3\Structurizer\workspace.dsl
23:28:46.016 [ForkJoinPool.commonPool-worker-1] DEBUG d.s.c.ls.model.C4DocumentManager - onParsedModelElement identifier: null, modelId: 39 at linenumber: workspace.dsl, 146
23:28:46.016 [ForkJoinPool.commonPool-worker-1] DEBUG d.s.c.ls.model.C4DocumentManager - getModel file: c:\SoftwareEngineering\HomeWork3\Structurizer\workspace.dsl
23:28:46.016 [ForkJoinPool.commonPool-worker-1] DEBUG d.s.c.ls.model.C4DocumentManager - onStartContext: workspace.dsl at linenumber 146, contextId: 1911897967, contextName ContainerInstanceDslContext
23:28:46.016 [ForkJoinPool.commonPool-worker-1] DEBUG d.s.c.ls.model.C4DocumentManager - getModel file: c:\SoftwareEngineering\HomeWork3\Structurizer\workspace.dsl
23:28:46.017 [ForkJoinPool.commonPool-worker-1] DEBUG d.s.c.ls.model.C4DocumentManager - onEndContext: workspace.dsl at linenumber 148, contextId: 1911897967, contextName ContainerInstanceDslContext
23:28:46.017 [ForkJoinPool.commonPool-worker-1] DEBUG d.s.c.ls.model.C4DocumentManager - getModel file: c:\SoftwareEngineering\HomeWork3\Structurizer\workspace.dsl
23:28:46.017 [ForkJoinPool.commonPool-worker-1] DEBUG d.s.c.ls.model.C4DocumentManager - onEndContext: workspace.dsl at linenumber 149, contextId: 720932923, contextName DeploymentNodeDslContext
23:28:46.017 [ForkJoinPool.commonPool-worker-1] DEBUG d.s.c.ls.model.C4DocumentManager - getModel file: c:\SoftwareEngineering\HomeWork3\Structurizer\workspace.dsl
23:28:46.017 [ForkJoinPool.commonPool-worker-1] DEBUG d.s.c.ls.model.C4DocumentManager - onParsedModelElement identifier: null, modelId: 40 at linenumber: workspace.dsl, 154
23:28:46.017 [ForkJoinPool.commonPool-worker-1] DEBUG d.s.c.ls.model.C4DocumentManager - getModel file: c:\SoftwareEngineering\HomeWork3\Structurizer\workspace.dsl
23:28:46.017 [ForkJoinPool.commonPool-worker-1] DEBUG d.s.c.ls.model.C4DocumentManager - onStartContext: workspace.dsl at linenumber 154, contextId: 826392757, contextName DeploymentNodeDslContext
23:28:46.017 [ForkJoinPool.commonPool-worker-1] DEBUG d.s.c.ls.model.C4DocumentManager - getModel file: c:\SoftwareEngineering\HomeWork3\Structurizer\workspace.dsl
23:28:46.018 [ForkJoinPool.commonPool-worker-1] DEBUG d.s.c.ls.model.C4DocumentManager - onParsedModelElement identifier: null, modelId: 41 at linenumber: workspace.dsl, 156
23:28:46.018 [ForkJoinPool.commonPool-worker-1] DEBUG d.s.c.ls.model.C4DocumentManager - getModel file: c:\SoftwareEngineering\HomeWork3\Structurizer\workspace.dsl
23:28:46.018 [ForkJoinPool.commonPool-worker-1] DEBUG d.s.c.ls.model.C4DocumentManager - onStartContext: workspace.dsl at linenumber 156, contextId: 1030168562, contextName ContainerInstanceDslContext
23:28:46.018 [ForkJoinPool.commonPool-worker-1] DEBUG d.s.c.ls.model.C4DocumentManager - getModel file: c:\SoftwareEngineering\HomeWork3\Structurizer\workspace.dsl
23:28:46.018 [ForkJoinPool.commonPool-worker-1] DEBUG d.s.c.ls.model.C4DocumentManager - onEndContext: workspace.dsl at linenumber 158, contextId: 1030168562, contextName ContainerInstanceDslContext
23:28:46.018 [ForkJoinPool.commonPool-worker-1] DEBUG d.s.c.ls.model.C4DocumentManager - getModel file: c:\SoftwareEngineering\HomeWork3\Structurizer\workspace.dsl
23:28:46.018 [ForkJoinPool.commonPool-worker-1] DEBUG d.s.c.ls.model.C4DocumentManager - onEndContext: workspace.dsl at linenumber 159, contextId: 826392757, contextName DeploymentNodeDslContext
23:28:46.018 [ForkJoinPool.commonPool-worker-1] DEBUG d.s.c.ls.model.C4DocumentManager - getModel file: c:\SoftwareEngineering\HomeWork3\Structurizer\workspace.dsl
23:28:46.018 [ForkJoinPool.commonPool-worker-1] DEBUG d.s.c.ls.model.C4DocumentManager - onParsedModelElement identifier: null, modelId: 42 at linenumber: workspace.dsl, 162
23:28:46.018 [ForkJoinPool.commonPool-worker-1] DEBUG d.s.c.ls.model.C4DocumentManager - getModel file: c:\SoftwareEngineering\HomeWork3\Structurizer\workspace.dsl
23:28:46.018 [ForkJoinPool.commonPool-worker-1] DEBUG d.s.c.ls.model.C4DocumentManager - onStartContext: workspace.dsl at linenumber 162, contextId: 44892310, contextName DeploymentNodeDslContext
23:28:46.018 [ForkJoinPool.commonPool-worker-1] DEBUG d.s.c.ls.model.C4DocumentManager - getModel file: c:\SoftwareEngineering\HomeWork3\Structurizer\workspace.dsl
23:28:46.019 [ForkJoinPool.commonPool-worker-1] DEBUG d.s.c.ls.model.C4DocumentManager - onParsedModelElement identifier: null, modelId: 43 at linenumber: workspace.dsl, 163
23:28:46.019 [ForkJoinPool.commonPool-worker-1] DEBUG d.s.c.ls.model.C4DocumentManager - getModel file: c:\SoftwareEngineering\HomeWork3\Structurizer\workspace.dsl
23:28:46.019 [ForkJoinPool.commonPool-worker-1] DEBUG d.s.c.ls.model.C4DocumentManager - onStartContext: workspace.dsl at linenumber 163, contextId: 1820262450, contextName InfrastructureNodeDslContext
23:28:46.019 [ForkJoinPool.commonPool-worker-1] DEBUG d.s.c.ls.model.C4DocumentManager - getModel file: c:\SoftwareEngineering\HomeWork3\Structurizer\workspace.dsl
23:28:46.020 [ForkJoinPool.commonPool-worker-1] DEBUG d.s.c.ls.model.C4DocumentManager - onEndContext: workspace.dsl at linenumber 165, contextId: 1820262450, contextName InfrastructureNodeDslContext
23:28:46.020 [ForkJoinPool.commonPool-worker-1] DEBUG d.s.c.ls.model.C4DocumentManager - getModel file: c:\SoftwareEngineering\HomeWork3\Structurizer\workspace.dsl
23:28:46.020 [ForkJoinPool.commonPool-worker-1] DEBUG d.s.c.ls.model.C4DocumentManager - onParsedRelationShip 5->4, identifier: null, at linenumber: workspace.dsl, 171
23:28:46.021 [ForkJoinPool.commonPool-worker-1] DEBUG d.s.c.ls.model.C4DocumentManager - getModel file: c:\SoftwareEngineering\HomeWork3\Structurizer\workspace.dsl
23:28:46.021 [ForkJoinPool.commonPool-worker-1] DEBUG d.s.c.ls.model.C4DocumentManager - onParsedRelationShip 11->5, identifier: null, at linenumber: workspace.dsl, 172
23:28:46.021 [ForkJoinPool.commonPool-worker-1] DEBUG d.s.c.ls.model.C4DocumentManager - getModel file: c:\SoftwareEngineering\HomeWork3\Structurizer\workspace.dsl
23:28:46.021 [ForkJoinPool.commonPool-worker-1] DEBUG d.s.c.ls.model.C4DocumentManager - onParsedRelationShip 22->5, identifier: null, at linenumber: workspace.dsl, 173
23:28:46.021 [ForkJoinPool.commonPool-worker-1] DEBUG d.s.c.ls.model.C4DocumentManager - getModel file: c:\SoftwareEngineering\HomeWork3\Structurizer\workspace.dsl
23:28:46.021 [ForkJoinPool.commonPool-worker-1] DEBUG d.s.c.ls.model.C4DocumentManager - onParsedRelationShip 22->11, identifier: null, at linenumber: workspace.dsl, 174
23:28:46.021 [ForkJoinPool.commonPool-worker-1] DEBUG d.s.c.ls.model.C4DocumentManager - getModel file: c:\SoftwareEngineering\HomeWork3\Structurizer\workspace.dsl
23:28:46.021 [ForkJoinPool.commonPool-worker-1] DEBUG d.s.c.ls.model.C4DocumentManager - onEndContext: workspace.dsl at linenumber 175, contextId: 44892310, contextName DeploymentNodeDslContext
23:28:46.022 [ForkJoinPool.commonPool-worker-1] DEBUG d.s.c.ls.model.C4DocumentManager - getModel file: c:\SoftwareEngineering\HomeWork3\Structurizer\workspace.dsl
23:28:46.022 [ForkJoinPool.commonPool-worker-1] DEBUG d.s.c.ls.model.C4DocumentManager - onEndContext: workspace.dsl at linenumber 176, contextId: 1644873018, contextName DeploymentNodeDslContext
23:28:46.022 [ForkJoinPool.commonPool-worker-1] DEBUG d.s.c.ls.model.C4DocumentManager - getModel file: c:\SoftwareEngineering\HomeWork3\Structurizer\workspace.dsl
23:28:46.022 [ForkJoinPool.commonPool-worker-1] DEBUG d.s.c.ls.model.C4DocumentManager - onEndContext: workspace.dsl at linenumber 177, contextId: 207641935, contextName DeploymentEnvironmentDslContext
23:28:46.022 [ForkJoinPool.commonPool-worker-1] DEBUG d.s.c.ls.model.C4DocumentManager - getModel file: c:\SoftwareEngineering\HomeWork3\Structurizer\workspace.dsl
23:28:46.022 [ForkJoinPool.commonPool-worker-1] DEBUG d.s.c.ls.model.C4DocumentManager - onParsedRelationShip 1->2, identifier: null, at linenumber: workspace.dsl, 181
23:28:46.022 [ForkJoinPool.commonPool-worker-1] DEBUG d.s.c.ls.model.C4DocumentManager - getModel file: c:\SoftwareEngineering\HomeWork3\Structurizer\workspace.dsl
23:28:46.022 [ForkJoinPool.commonPool-worker-1] DEBUG d.s.c.ls.model.C4DocumentManager - onParsedRelationShip 1->22, identifier: null, at linenumber: workspace.dsl, 182
23:28:46.022 [ForkJoinPool.commonPool-worker-1] DEBUG d.s.c.ls.model.C4DocumentManager - getModel file: c:\SoftwareEngineering\HomeWork3\Structurizer\workspace.dsl
23:28:46.022 [ForkJoinPool.commonPool-worker-1] DEBUG d.s.c.ls.model.C4DocumentManager - onParsedRelationShip 1->11, identifier: null, at linenumber: workspace.dsl, 183
23:28:46.022 [ForkJoinPool.commonPool-worker-1] DEBUG d.s.c.ls.model.C4DocumentManager - getModel file: c:\SoftwareEngineering\HomeWork3\Structurizer\workspace.dsl
23:28:46.022 [ForkJoinPool.commonPool-worker-1] DEBUG d.s.c.ls.model.C4DocumentManager - onParsedRelationShip 1->5, identifier: null, at linenumber: workspace.dsl, 184
23:28:46.023 [ForkJoinPool.commonPool-worker-1] DEBUG d.s.c.ls.model.C4DocumentManager - getModel file: c:\SoftwareEngineering\HomeWork3\Structurizer\workspace.dsl
23:28:46.023 [ForkJoinPool.commonPool-worker-1] DEBUG d.s.c.ls.model.C4DocumentManager - onParsedRelationShip 1->33, identifier: null, at linenumber: workspace.dsl, 186
23:28:46.023 [ForkJoinPool.commonPool-worker-1] DEBUG d.s.c.ls.model.C4DocumentManager - getModel file: c:\SoftwareEngineering\HomeWork3\Structurizer\workspace.dsl
23:28:46.023 [ForkJoinPool.commonPool-worker-1] DEBUG d.s.c.ls.model.C4DocumentManager - onParsedRelationShip 1->30, identifier: null, at linenumber: workspace.dsl, 187
23:28:46.023 [ForkJoinPool.commonPool-worker-1] DEBUG d.s.c.ls.model.C4DocumentManager - getModel file: c:\SoftwareEngineering\HomeWork3\Structurizer\workspace.dsl
23:28:46.023 [ForkJoinPool.commonPool-worker-1] DEBUG d.s.c.ls.model.C4DocumentManager - onParsedRelationShip 1->18, identifier: null, at linenumber: workspace.dsl, 189
23:28:46.023 [ForkJoinPool.commonPool-worker-1] DEBUG d.s.c.ls.model.C4DocumentManager - getModel file: c:\SoftwareEngineering\HomeWork3\Structurizer\workspace.dsl
23:28:46.023 [ForkJoinPool.commonPool-worker-1] DEBUG d.s.c.ls.model.C4DocumentManager - onParsedRelationShip 1->9, identifier: null, at linenumber: workspace.dsl, 191
23:28:46.023 [ForkJoinPool.commonPool-worker-1] DEBUG d.s.c.ls.model.C4DocumentManager - getModel file: c:\SoftwareEngineering\HomeWork3\Structurizer\workspace.dsl
23:28:46.023 [ForkJoinPool.commonPool-worker-1] DEBUG d.s.c.ls.model.C4DocumentManager - onEndContext: workspace.dsl at linenumber 194, contextId: 2008921343, contextName ModelDslContext
23:28:46.023 [ForkJoinPool.commonPool-worker-1] DEBUG d.s.c.ls.model.C4DocumentManager - getModel file: c:\SoftwareEngineering\HomeWork3\Structurizer\workspace.dsl
23:28:46.024 [ForkJoinPool.commonPool-worker-1] DEBUG d.s.c.ls.model.C4DocumentManager - onStartContext: workspace.dsl at linenumber 196, contextId: 383559838, contextName ViewsDslContext
23:28:46.024 [ForkJoinPool.commonPool-worker-1] DEBUG d.s.c.ls.model.C4DocumentManager - getModel file: c:\SoftwareEngineering\HomeWork3\Structurizer\workspace.dsl
23:28:46.026 [ForkJoinPool.commonPool-worker-1] DEBUG d.s.c.ls.model.C4DocumentManager - onStartContext: workspace.dsl at linenumber 200, contextId: 44417942, contextName StylesDslContext
23:28:46.026 [ForkJoinPool.commonPool-worker-1] DEBUG d.s.c.ls.model.C4DocumentManager - getModel file: c:\SoftwareEngineering\HomeWork3\Structurizer\workspace.dsl
23:28:46.028 [ForkJoinPool.commonPool-worker-1] DEBUG d.s.c.ls.model.C4DocumentManager - onStartContext: workspace.dsl at linenumber 201, contextId: 57081512, contextName ElementStyleDslContext
23:28:46.029 [ForkJoinPool.commonPool-worker-1] DEBUG d.s.c.ls.model.C4DocumentManager - getModel file: c:\SoftwareEngineering\HomeWork3\Structurizer\workspace.dsl
23:28:46.029 [ForkJoinPool.commonPool-worker-1] DEBUG d.s.c.ls.model.C4DocumentManager - onEndContext: workspace.dsl at linenumber 203, contextId: 57081512, contextName ElementStyleDslContext
23:28:46.029 [ForkJoinPool.commonPool-worker-1] DEBUG d.s.c.ls.model.C4DocumentManager - getModel file: c:\SoftwareEngineering\HomeWork3\Structurizer\workspace.dsl
23:28:46.029 [ForkJoinPool.commonPool-worker-1] DEBUG d.s.c.ls.model.C4DocumentManager - onEndContext: workspace.dsl at linenumber 204, contextId: 44417942, contextName StylesDslContext
23:28:46.029 [ForkJoinPool.commonPool-worker-1] DEBUG d.s.c.ls.model.C4DocumentManager - getModel file: c:\SoftwareEngineering\HomeWork3\Structurizer\workspace.dsl
23:28:46.035 [ForkJoinPool.commonPool-worker-1] DEBUG d.s.c.ls.model.C4DocumentManager - onParsedView View: context_comp at linenumber workspace.dsl, 206
23:28:46.035 [ForkJoinPool.commonPool-worker-1] DEBUG d.s.c.ls.model.C4DocumentManager - getModel file: c:\SoftwareEngineering\HomeWork3\Structurizer\workspace.dsl
23:28:46.035 [ForkJoinPool.commonPool-worker-1] DEBUG d.s.c.ls.model.C4DocumentManager - onStartContext: workspace.dsl at linenumber 206, contextId: 1895475989, contextName SystemContextViewDslContext
23:28:46.035 [ForkJoinPool.commonPool-worker-1] DEBUG d.s.c.ls.model.C4DocumentManager - getModel file: c:\SoftwareEngineering\HomeWork3\Structurizer\workspace.dsl
23:28:46.039 [ForkJoinPool.commonPool-worker-1] DEBUG d.s.c.ls.model.C4DocumentManager - onEndContext: workspace.dsl at linenumber 209, contextId: 1895475989, contextName SystemContextViewDslContext
23:28:46.040 [ForkJoinPool.commonPool-worker-1] DEBUG d.s.c.ls.model.C4DocumentManager - getModel file: c:\SoftwareEngineering\HomeWork3\Structurizer\workspace.dsl
23:28:46.040 [ForkJoinPool.commonPool-worker-1] DEBUG d.s.c.ls.model.C4DocumentManager - onParsedView View: c2 at linenumber workspace.dsl, 212
23:28:46.040 [ForkJoinPool.commonPool-worker-1] DEBUG d.s.c.ls.model.C4DocumentManager - getModel file: c:\SoftwareEngineering\HomeWork3\Structurizer\workspace.dsl
23:28:46.040 [ForkJoinPool.commonPool-worker-1] DEBUG d.s.c.ls.model.C4DocumentManager - onStartContext: workspace.dsl at linenumber 212, contextId: 1909585044, contextName ContainerViewDslContext
23:28:46.040 [ForkJoinPool.commonPool-worker-1] DEBUG d.s.c.ls.model.C4DocumentManager - getModel file: c:\SoftwareEngineering\HomeWork3\Structurizer\workspace.dsl
23:28:46.043 [ForkJoinPool.commonPool-worker-1] DEBUG d.s.c.ls.model.C4DocumentManager - onEndContext: workspace.dsl at linenumber 215, contextId: 1909585044, contextName ContainerViewDslContext
23:28:46.043 [ForkJoinPool.commonPool-worker-1] DEBUG d.s.c.ls.model.C4DocumentManager - getModel file: c:\SoftwareEngineering\HomeWork3\Structurizer\workspace.dsl
23:28:46.044 [ForkJoinPool.commonPool-worker-1] DEBUG d.s.c.ls.model.C4DocumentManager - onParsedView View: c3_auth at linenumber workspace.dsl, 217
23:28:46.044 [ForkJoinPool.commonPool-worker-1] DEBUG d.s.c.ls.model.C4DocumentManager - getModel file: c:\SoftwareEngineering\HomeWork3\Structurizer\workspace.dsl
23:28:46.044 [ForkJoinPool.commonPool-worker-1] DEBUG d.s.c.ls.model.C4DocumentManager - onStartContext: workspace.dsl at linenumber 217, contextId: 1874114390, contextName ComponentViewDslContext
23:28:46.044 [ForkJoinPool.commonPool-worker-1] DEBUG d.s.c.ls.model.C4DocumentManager - getModel file: c:\SoftwareEngineering\HomeWork3\Structurizer\workspace.dsl
23:28:46.045 [ForkJoinPool.commonPool-worker-1] DEBUG d.s.c.ls.model.C4DocumentManager - onEndContext: workspace.dsl at linenumber 221, contextId: 1874114390, contextName ComponentViewDslContext
23:28:46.045 [ForkJoinPool.commonPool-worker-1] DEBUG d.s.c.ls.model.C4DocumentManager - getModel file: c:\SoftwareEngineering\HomeWork3\Structurizer\workspace.dsl
23:28:46.045 [ForkJoinPool.commonPool-worker-1] DEBUG d.s.c.ls.model.C4DocumentManager - onParsedView View: c3_users at linenumber workspace.dsl, 223
23:28:46.045 [ForkJoinPool.commonPool-worker-1] DEBUG d.s.c.ls.model.C4DocumentManager - getModel file: c:\SoftwareEngineering\HomeWork3\Structurizer\workspace.dsl
23:28:46.045 [ForkJoinPool.commonPool-worker-1] DEBUG d.s.c.ls.model.C4DocumentManager - onStartContext: workspace.dsl at linenumber 223, contextId: 68834867, contextName ComponentViewDslContext
23:28:46.045 [ForkJoinPool.commonPool-worker-1] DEBUG d.s.c.ls.model.C4DocumentManager - getModel file: c:\SoftwareEngineering\HomeWork3\Structurizer\workspace.dsl
23:28:46.046 [ForkJoinPool.commonPool-worker-1] DEBUG d.s.c.ls.model.C4DocumentManager - onEndContext: workspace.dsl at linenumber 227, contextId: 68834867, contextName ComponentViewDslContext
23:28:46.046 [ForkJoinPool.commonPool-worker-1] DEBUG d.s.c.ls.model.C4DocumentManager - getModel file: c:\SoftwareEngineering\HomeWork3\Structurizer\workspace.dsl
23:28:46.047 [ForkJoinPool.commonPool-worker-1] DEBUG d.s.c.ls.model.C4DocumentManager - onParsedView View: c3_companion_search at linenumber workspace.dsl, 230
23:28:46.047 [ForkJoinPool.commonPool-worker-1] DEBUG d.s.c.ls.model.C4DocumentManager - getModel file: c:\SoftwareEngineering\HomeWork3\Structurizer\workspace.dsl
23:28:46.047 [ForkJoinPool.commonPool-worker-1] DEBUG d.s.c.ls.model.C4DocumentManager - onStartContext: workspace.dsl at linenumber 230, contextId: 217156056, contextName ComponentViewDslContext
23:28:46.047 [ForkJoinPool.commonPool-worker-1] DEBUG d.s.c.ls.model.C4DocumentManager - getModel file: c:\SoftwareEngineering\HomeWork3\Structurizer\workspace.dsl
23:28:46.048 [ForkJoinPool.commonPool-worker-1] DEBUG d.s.c.ls.model.C4DocumentManager - onEndContext: workspace.dsl at linenumber 234, contextId: 217156056, contextName ComponentViewDslContext
23:28:46.048 [ForkJoinPool.commonPool-worker-1] DEBUG d.s.c.ls.model.C4DocumentManager - getModel file: c:\SoftwareEngineering\HomeWork3\Structurizer\workspace.dsl
23:28:46.050 [ForkJoinPool.commonPool-worker-1] DEBUG d.s.c.ls.model.C4DocumentManager - onParsedView View: Deployment-001 at linenumber workspace.dsl, 236
23:28:46.050 [ForkJoinPool.commonPool-worker-1] DEBUG d.s.c.ls.model.C4DocumentManager - getModel file: c:\SoftwareEngineering\HomeWork3\Structurizer\workspace.dsl
23:28:46.050 [ForkJoinPool.commonPool-worker-1] DEBUG d.s.c.ls.model.C4DocumentManager - onStartContext: workspace.dsl at linenumber 236, contextId: 1283020807, contextName DeploymentViewDslContext
23:28:46.050 [ForkJoinPool.commonPool-worker-1] DEBUG d.s.c.ls.model.C4DocumentManager - getModel file: c:\SoftwareEngineering\HomeWork3\Structurizer\workspace.dsl
23:28:46.053 [ForkJoinPool.commonPool-worker-1] DEBUG d.s.c.ls.model.C4DocumentManager - onEndContext: workspace.dsl at linenumber 239, contextId: 1283020807, contextName DeploymentViewDslContext
23:28:46.053 [ForkJoinPool.commonPool-worker-1] DEBUG d.s.c.ls.model.C4DocumentManager - getModel file: c:\SoftwareEngineering\HomeWork3\Structurizer\workspace.dsl
23:28:46.055 [ForkJoinPool.commonPool-worker-1] DEBUG d.s.c.ls.model.C4DocumentManager - onParsedView View: CreateTrip at linenumber workspace.dsl, 241
23:28:46.055 [ForkJoinPool.commonPool-worker-1] DEBUG d.s.c.ls.model.C4DocumentManager - getModel file: c:\SoftwareEngineering\HomeWork3\Structurizer\workspace.dsl
23:28:46.055 [ForkJoinPool.commonPool-worker-1] DEBUG d.s.c.ls.model.C4DocumentManager - onStartContext: workspace.dsl at linenumber 241, contextId: 1972048541, contextName DynamicViewDslContext
23:28:46.055 [ForkJoinPool.commonPool-worker-1] DEBUG d.s.c.ls.model.C4DocumentManager - getModel file: c:\SoftwareEngineering\HomeWork3\Structurizer\workspace.dsl
23:28:46.057 [ForkJoinPool.commonPool-worker-1] DEBUG d.s.c.ls.model.C4DocumentManager - onEndContext: workspace.dsl at linenumber 250, contextId: 1972048541, contextName DynamicViewDslContext
23:28:46.057 [ForkJoinPool.commonPool-worker-1] DEBUG d.s.c.ls.model.C4DocumentManager - getModel file: c:\SoftwareEngineering\HomeWork3\Structurizer\workspace.dsl
23:28:46.057 [ForkJoinPool.commonPool-worker-1] DEBUG d.s.c.ls.model.C4DocumentManager - onEndContext: workspace.dsl at linenumber 252, contextId: 383559838, contextName ViewsDslContext
23:28:46.057 [ForkJoinPool.commonPool-worker-1] DEBUG d.s.c.ls.model.C4DocumentManager - getModel file: c:\SoftwareEngineering\HomeWork3\Structurizer\workspace.dsl
23:28:46.058 [ForkJoinPool.commonPool-worker-1] DEBUG d.s.c.ls.model.C4DocumentManager - onEndContext: workspace.dsl at linenumber 253, contextId: 159411945, contextName WorkspaceDslContext
23:28:46.058 [ForkJoinPool.commonPool-worker-1] DEBUG d.s.c.ls.model.C4DocumentManager - getModel file: c:\SoftwareEngineering\HomeWork3\Structurizer\workspace.dsl
23:28:46.058 [ForkJoinPool.commonPool-worker-1] DEBUG d.s.c.ls.model.C4DocumentManager - Parsing finished
23:28:46.060 [ForkJoinPool.commonPool-worker-1] DEBUG d.s.c4dsl.ls.model.C4DocumentModel - setWorkspace Travel companion search service
23:28:46.060 [ForkJoinPool.commonPool-worker-1] DEBUG d.s.c4dsl.ls.model.C4DocumentModel - setValid true
23:28:46.060 [ForkJoinPool.commonPool-worker-1] INFO  d.s.c.l.s.C4TextDocumentService - <-- getDiagnostics
23:28:46.060 [ForkJoinPool.commonPool-worker-2] DEBUG d.s.c.ls.model.C4DocumentManager - getModel file: c:\SoftwareEngineering\HomeWork3\Structurizer\workspace.dsl
23:28:46.060 [ForkJoinPool.commonPool-worker-3] DEBUG d.s.c.ls.model.C4DocumentManager - getModel file: c:\SoftwareEngineering\HomeWork3\Structurizer\workspace.dsl
23:28:46.060 [ForkJoinPool.commonPool-worker-2] INFO  d.s.c.l.s.C4TextDocumentService - <-- getDocument
23:28:46.061 [ForkJoinPool.commonPool-worker-2] DEBUG d.s.c.ls.provider.C4ColorProvider - calcDocumentColors file:/c:/SoftwareEngineering/HomeWork3/Structurizer/workspace.dsl
23:28:46.061 [ForkJoinPool.commonPool-worker-3] INFO  d.s.c.l.s.C4TextDocumentService - <-- getDocument
23:28:46.061 [ForkJoinPool.commonPool-worker-2] DEBUG d.s.c.ls.provider.C4ColorProvider -                    []
23:28:46.223 [pool-1-thread-1] INFO  d.s.c.l.s.C4TextDocumentService - semanticTokensFull
23:28:46.224 [ForkJoinPool.commonPool-worker-3] INFO  d.s.c.l.s.C4TextDocumentService - --> getDocument
23:28:46.224 [ForkJoinPool.commonPool-worker-3] DEBUG d.s.c.ls.model.C4DocumentManager - getModel file: c:\SoftwareEngineering\HomeWork3\Structurizer\workspace.dsl
23:28:46.224 [ForkJoinPool.commonPool-worker-3] INFO  d.s.c.l.s.C4TextDocumentService - <-- getDocument
23:28:46.232 [ForkJoinPool.commonPool-worker-3] DEBUG d.s.c.l.p.C4SemanticTokenProvider - Semantik Tokens at [29, -1, 8, 14, 0, 0, 20, 11, 14, 0, 7, -1, 19, 14, 0, 0, 24, 11, 14, 0, 9, -1, 15, 14, 0, 0, 24, 19, 14, 0, 9, -1, 9, 14, 0, 0, 20, 11, 14, 0, 1, -1, 9, 14, 0, 0, 20, 8, 14, 0, 7, -1, 19, 14, 0, 0, 24, 11, 14, 0, 8, -1, 15, 14, 0, 0, 24, 8, 14, 0, 9, -1, 16, 14, 0, 0, 24, 19, 14, 0, 1, -1, 16, 14, 0, 0, 24, 8, 14, 0, 1, -1, 16, 14, 0, 0, 24, 15, 14, 0, 11, -1, 8, 14, 0, 0, 20, 11, 14, 0, 1, -1, 8, 14, 0, 0, 20, 9, 14, 0, 7, -1, 19, 14, 0, 0, 24, 11, 14, 0, 9, -1, 15, 14, 0, 0, 24, 8, 14, 0, 9, -1, 17, 14, 0, 0, 24, 19, 14, 0, 1, -1, 17, 14, 0, 0, 24, 15, 14, 0, 10, -1, 16, 14, 0, 0, 24, 19, 14, 0, 1, -1, 16, 14, 0, 0, 24, 15, 14, 0, 1, -1, 16, 14, 0, 0, 24, 9, 14, 0, 14, 55, 11, 14, 0, 10, 55, 11, 14, 0, 15, 37, 8, 14, 0, 0, 29, 11, 14, 0, 1, 37, 9, 14, 0, 0, 30, 8, 14, 0, 1, 37, 8, 14, 0, 0, 29, 8, 14, 0, 1, 37, 8, 14, 0, 0, 29, 9, 14, 0, 7, 8, 4, 14, 0, 0, 8, 16, 14, 0, 1, 8, 4, 14, 0, 0, 25, 8, 14, 0, 1, 8, 4, 14, 0, 0, 25, 9, 14, 0, 1, 8, 4, 14, 0, 0, 25, 8, 14, 0, 2, 8, 4, 14, 0, 0, 34, 16, 14, 0, 1, 8, 4, 14, 0, 0, 34, 17, 14, 0, 2, 8, 4, 14, 0, 0, 35, 16, 14, 0, 2, 8, 4, 14, 0, 0, 34, 15, 14, 0, 15, 22, 16, 14, 0, 6, 18, 16, 14, 0, 5, 35, 8, 14, 0, 6, 35, 9, 14, 0, 7, 35, 8, 14, 0, 11, 16, 16, 14, 0]
23:28:54.625 [ForkJoinPool.commonPool-worker-3] INFO  d.s.c.ls.service.C4WorkspaceService - executeCommand c4-server.text-decorations
23:28:54.625 [ForkJoinPool.commonPool-worker-3] INFO  d.s.c.l.s.C4TextDocumentService - textDecorations
23:28:54.626 [ForkJoinPool.commonPool-worker-3] INFO  d.s.c.l.s.C4TextDocumentService - --> getDocument
23:28:54.626 [ForkJoinPool.commonPool-worker-3] DEBUG d.s.c.ls.model.C4DocumentManager - getModel file: c:\SoftwareEngineering\HomeWork3\Structurizer\workspace.dsl
23:28:54.626 [ForkJoinPool.commonPool-worker-3] INFO  d.s.c.l.s.C4TextDocumentService - <-- getDocument
23:28:54.881 [pool-1-thread-1] INFO  d.s.c.l.s.C4TextDocumentService - codeLens
23:28:54.882 [ForkJoinPool.commonPool-worker-3] INFO  d.s.c.l.s.C4TextDocumentService - --> getDocument
23:28:54.882 [ForkJoinPool.commonPool-worker-3] DEBUG d.s.c.ls.model.C4DocumentManager - getModel file: c:\SoftwareEngineering\HomeWork3\Structurizer\workspace.dsl
23:28:54.882 [ForkJoinPool.commonPool-worker-3] INFO  d.s.c.l.s.C4TextDocumentService - <-- getDocument
23:30:37.356 [main] INFO  d.s.c.ls.C4LanguageServerLauncher - Launching C4LanguageServer finished
